# JRE version: Java(TM) SE Runtime Environment (23.0.2+7) (build 23.0.2+7-58)
# Java VM: Java HotSpot(TM) 64-Bit Server VM (23.0.2+7-58, mixed mode, emulated-client, sharing, tiered, compressed oops, compressed class ptrs, g1 gc, windows-amd64)
GC Precious Log:
 CardTable entry size: 512
 Card Set container configuration: InlinePtr #cards 4 size 8 Array Of Cards #cards 16 size 48 Howl #buckets 8 coarsen threshold 3686 Howl Bitmap #cards 512 size 80 coarsen threshold 460 Card regions per heap region 1 cards per card region 4096
 CPUs: 12 total, 12 available
 Memory: 15706M
 Large Page Support: Disabled
 NUMA Support: Disabled
 Compressed Oops: Enabled (Zero based)
 Heap Region Size: 2M
 Heap Min Capacity: 8M
 Heap Initial Capacity: 246M
 Heap Max Capacity: 3928M
 Pre-touch: Disabled
 Parallel Workers: 10
 Concurrent Workers: 3
 Concurrent Refinement Workers: 10
 Periodic GC: Disabled
Heap:
 garbage-first heap   total reserved 4022272K, committed 155648K, used 54270K [0x000000070a800000, 0x0000000800000000)
  region size 2048K, 19 young (38912K), 2 survivors (4096K)
 Metaspace       used 44353K, committed 45056K, reserved 1114112K
  class space    used 6448K, committed 6784K, reserved 1048576K
GC Heap History (17 events):
Event: 0.438 GC heap before
{Heap before GC invocations=0 (full 0):
 garbage-first heap   total reserved 4022272K, committed 251904K, used 24576K [0x000000070a800000, 0x0000000800000000)
  region size 2048K, 12 young (24576K), 0 survivors (0K)
 Metaspace       used 5401K, committed 5568K, reserved 1114112K
  class space    used 748K, committed 832K, reserved 1048576K
}
Event: 0.443 GC heap after
{Heap after GC invocations=1 (full 0):
 garbage-first heap   total reserved 4022272K, committed 251904K, used 5139K [0x000000070a800000, 0x0000000800000000)
  region size 2048K, 2 young (4096K), 2 survivors (4096K)
 Metaspace       used 5401K, committed 5568K, reserved 1114112K
  class space    used 748K, committed 832K, reserved 1048576K
}
Event: 0.730 GC heap before
{Heap before GC invocations=1 (full 0):
 garbage-first heap   total reserved 4022272K, committed 251904K, used 23571K [0x000000070a800000, 0x0000000800000000)
  region size 2048K, 12 young (24576K), 2 survivors (4096K)
 Metaspace       used 9426K, committed 9792K, reserved 1114112K
  class space    used 1368K, committed 1536K, reserved 1048576K
}
Event: 0.735 GC heap after
{Heap after GC invocations=2 (full 0):
 garbage-first heap   total reserved 4022272K, committed 251904K, used 6880K [0x000000070a800000, 0x0000000800000000)
  region size 2048K, 1 young (2048K), 1 survivors (2048K)
 Metaspace       used 9426K, committed 9792K, reserved 1114112K
  class space    used 1368K, committed 1536K, reserved 1048576K
}
Event: 1.384 GC heap before
{Heap before GC invocations=2 (full 0):
 garbage-first heap   total reserved 4022272K, committed 251904K, used 64224K [0x000000070a800000, 0x0000000800000000)
  region size 2048K, 30 young (61440K), 1 survivors (2048K)
 Metaspace       used 18786K, committed 19136K, reserved 1114112K
  class space    used 2668K, committed 2816K, reserved 1048576K
}
Event: 1.390 GC heap after
{Heap after GC invocations=3 (full 0):
 garbage-first heap   total reserved 4022272K, committed 251904K, used 11731K [0x000000070a800000, 0x0000000800000000)
  region size 2048K, 4 young (8192K), 4 survivors (8192K)
 Metaspace       used 18786K, committed 19136K, reserved 1114112K
  class space    used 2668K, committed 2816K, reserved 1048576K
}
Event: 1.524 GC heap before
{Heap before GC invocations=3 (full 0):
 garbage-first heap   total reserved 4022272K, committed 251904K, used 19923K [0x000000070a800000, 0x0000000800000000)
  region size 2048K, 9 young (18432K), 4 survivors (8192K)
 Metaspace       used 19842K, committed 20352K, reserved 1114112K
  class space    used 2840K, committed 3072K, reserved 1048576K
}
Event: 1.528 GC heap after
{Heap after GC invocations=4 (full 0):
 garbage-first heap   total reserved 4022272K, committed 251904K, used 12599K [0x000000070a800000, 0x0000000800000000)
  region size 2048K, 3 young (6144K), 3 survivors (6144K)
 Metaspace       used 19842K, committed 20352K, reserved 1114112K
  class space    used 2840K, committed 3072K, reserved 1048576K
}
Event: 2.137 GC heap before
{Heap before GC invocations=5 (full 0):
 garbage-first heap   total reserved 4022272K, committed 49152K, used 47415K [0x000000070a800000, 0x0000000800000000)
  region size 2048K, 20 young (40960K), 3 survivors (6144K)
 Metaspace       used 27086K, committed 27584K, reserved 1114112K
  class space    used 3874K, committed 4096K, reserved 1048576K
}
Event: 2.143 GC heap after
{Heap after GC invocations=6 (full 0):
 garbage-first heap   total reserved 4022272K, committed 59392K, used 15382K [0x000000070a800000, 0x0000000800000000)
  region size 2048K, 5 young (10240K), 5 survivors (10240K)
 Metaspace       used 27086K, committed 27584K, reserved 1114112K
  class space    used 3874K, committed 4096K, reserved 1048576K
}
Event: 2.453 GC heap before
{Heap before GC invocations=6 (full 0):
 garbage-first heap   total reserved 4022272K, committed 59392K, used 35862K [0x000000070a800000, 0x0000000800000000)
  region size 2048K, 17 young (34816K), 5 survivors (10240K)
 Metaspace       used 33406K, committed 33920K, reserved 1114112K
  class space    used 4775K, committed 4992K, reserved 1048576K
}
Event: 2.461 GC heap after
{Heap after GC invocations=7 (full 0):
 garbage-first heap   total reserved 4022272K, committed 59392K, used 18177K [0x000000070a800000, 0x0000000800000000)
  region size 2048K, 3 young (6144K), 3 survivors (6144K)
 Metaspace       used 33406K, committed 33920K, reserved 1114112K
  class space    used 4775K, committed 4992K, reserved 1048576K
}
Event: 2.769 GC heap before
{Heap before GC invocations=8 (full 0):
 garbage-first heap   total reserved 4022272K, committed 59392K, used 44801K [0x000000070a800000, 0x0000000800000000)
  region size 2048K, 16 young (32768K), 3 survivors (6144K)
 Metaspace       used 38164K, committed 38720K, reserved 1114112K
  class space    used 5512K, committed 5760K, reserved 1048576K
}
Event: 2.775 GC heap after
{Heap after GC invocations=9 (full 0):
 garbage-first heap   total reserved 4022272K, committed 59392K, used 21715K [0x000000070a800000, 0x0000000800000000)
  region size 2048K, 2 young (4096K), 2 survivors (4096K)
 Metaspace       used 38164K, committed 38720K, reserved 1114112K
  class space    used 5512K, committed 5760K, reserved 1048576K
}
Event: 6.631 GC heap before
{Heap before GC invocations=9 (full 0):
 garbage-first heap   total reserved 4022272K, committed 59392K, used 44243K [0x000000070a800000, 0x0000000800000000)
  region size 2048K, 14 young (28672K), 2 survivors (4096K)
 Metaspace       used 42753K, committed 43456K, reserved 1114112K
  class space    used 6204K, committed 6528K, reserved 1048576K
}
Event: 6.636 GC heap after
{Heap after GC invocations=10 (full 0):
 garbage-first heap   total reserved 4022272K, committed 155648K, used 23550K [0x000000070a800000, 0x0000000800000000)
  region size 2048K, 2 young (4096K), 2 survivors (4096K)
 Metaspace       used 42753K, committed 43456K, reserved 1114112K
  class space    used 6204K, committed 6528K, reserved 1048576K
}
Event: 671.268 GC heap before
{Heap before GC invocations=10 (full 0):
 garbage-first heap   total reserved 4022272K, committed 155648K, used 54270K [0x000000070a800000, 0x0000000800000000)
  region size 2048K, 19 young (38912K), 2 survivors (4096K)
 Metaspace       used 44353K, committed 45056K, reserved 1114112K
  class space    used 6448K, committed 6784K, reserved 1048576K
}

